<?xml version="1.0" encoding="UTF-8"?>
<!-- Generated by org.testng.reporters.JUnitReportReporter -->
<testsuite hostname="DESKTOP-8EV8VJ6" failures="0" tests="2" name="testing.TestNG" time="13.038" errors="0" timestamp="2022-11-04T16:12:41 CET" skipped="0">
  <testcase classname="testing.TestNG" name="testInsertingUsersInformation" time="9.427"/>
  <system-out/>
  <testcase classname="testing.TestNG" name="testSelectFlight" time="3.611"/>
  <system-out/>
</testsuite> <!-- testing.TestNG -->
