<?xml version="1.0" encoding="UTF-8"?>
<!-- Generated by org.testng.reporters.JUnitReportReporter -->
<testsuite hostname="DESKTOP-8EV8VJ6" failures="0" tests="2" name="testing.TestNG" time="12.922" errors="0" timestamp="2022-11-04T12:34:54 CET" skipped="0">
  <testcase classname="testing.TestNG" name="testSelectFlight" time="7.141"/>
  <system-out/>
  <testcase classname="testing.TestNG" name="testSelectFlight" time="5.781"/>
  <system-out/>
</testsuite> <!-- testing.TestNG -->
