<?xml version="1.0" encoding="UTF-8"?>
<!-- Generated by org.testng.reporters.JUnitReportReporter -->
<testsuite hostname="DESKTOP-8EV8VJ6" failures="0" tests="2" name="testing.TestNG" time="11.549" errors="0" timestamp="2022-11-04T15:27:09 CET" skipped="0">
  <testcase classname="testing.TestNG" name="testInsertingUsersInformation" time="7.784"/>
  <system-out/>
  <testcase classname="testing.TestNG" name="testSelectFlight" time="3.765"/>
  <system-out/>
</testsuite> <!-- testing.TestNG -->
