<?xml version="1.0" encoding="UTF-8"?>
<!-- Generated by org.testng.reporters.JUnitReportReporter -->
<testsuite hostname="DESKTOP-8EV8VJ6" failures="0" tests="2" name="testing.TestNG" time="11.691" errors="0" timestamp="2022-11-04T16:02:13 CET" skipped="0">
  <testcase classname="testing.TestNG" name="testSelectFlight" time="4.199"/>
  <system-out/>
  <testcase classname="testing.TestNG" name="testInsertingUsersInformation" time="7.492"/>
  <system-out/>
</testsuite> <!-- testing.TestNG -->
